c:\users\pmong\desktop\snakec-\juegosnake\juegosnake\debug\vc141.pdb
c:\users\pmong\desktop\snakec-\juegosnake\juegosnake\debug\vc141.idb
c:\users\pmong\desktop\snakec-\juegosnake\juegosnake\debug\bonus.obj
c:\users\pmong\desktop\snakec-\juegosnake\juegosnake\debug\enemigo.obj
c:\users\pmong\desktop\snakec-\juegosnake\juegosnake\debug\escenario.obj
c:\users\pmong\desktop\snakec-\juegosnake\juegosnake\debug\fruta.obj
c:\users\pmong\desktop\snakec-\juegosnake\juegosnake\debug\interaccion.obj
c:\users\pmong\desktop\snakec-\juegosnake\juegosnake\debug\menu.obj
c:\users\pmong\desktop\snakec-\juegosnake\juegosnake\debug\mounstro.obj
c:\users\pmong\desktop\snakec-\juegosnake\juegosnake\debug\mundo.obj
c:\users\pmong\desktop\snakec-\juegosnake\juegosnake\debug\objetomovil.obj
c:\users\pmong\desktop\snakec-\juegosnake\juegosnake\debug\plataforma.obj
c:\users\pmong\desktop\snakec-\juegosnake\juegosnake\debug\snake.obj
c:\users\pmong\desktop\snakec-\juegosnake\juegosnake\debug\vector2d.obj
c:\users\pmong\desktop\snakec-\juegosnake\juegosnake\debug\admin.obj
c:\users\pmong\desktop\snakec-\juegosnake\juegosnake\debug\main.obj
c:\users\pmong\desktop\snakec-\juegosnake\juegosnake\debug\textura.obj
c:\users\pmong\desktop\snakec-\juegosnake\juegosnake\debug\juego.obj
c:\users\pmong\desktop\snakec-\juegosnake\juegosnake\debug\colorrgb.obj
c:\users\pmong\desktop\snakec-\juegosnake\juegosnake\debug\pared.obj
c:\users\pmong\desktop\snakec-\juegosnake\juegosnake\debug\caja.obj
c:\users\pmong\desktop\snakec-\juegosnake\juegosnake\debug\entidad.obj
c:\users\pmong\desktop\snakec-\juegosnake\juegosnake\debug\stats.obj
c:\users\pmong\desktop\snakec-\juegosnake\debug\juegosnake.exe
c:\users\pmong\desktop\snakec-\juegosnake\debug\juegosnake.ilk
c:\users\pmong\desktop\snakec-\juegosnake\debug\juegosnake.pdb
c:\users\pmong\desktop\snakec-\juegosnake\juegosnake\debug\juegosnake.res
c:\users\pmong\desktop\snakec--master\snakec--master\juegosnake\juegosnake\debug\admin.obj
c:\users\pmong\desktop\snakec--master\snakec--master\juegosnake\juegosnake\debug\bonus.obj
c:\users\pmong\desktop\snakec--master\snakec--master\juegosnake\juegosnake\debug\caja.obj
c:\users\pmong\desktop\snakec--master\snakec--master\juegosnake\juegosnake\debug\colorrgb.obj
c:\users\pmong\desktop\snakec--master\snakec--master\juegosnake\juegosnake\debug\enemigo.obj
c:\users\pmong\desktop\snakec--master\snakec--master\juegosnake\juegosnake\debug\entidad.obj
c:\users\pmong\desktop\snakec--master\snakec--master\juegosnake\juegosnake\debug\escenario.obj
c:\users\pmong\desktop\snakec--master\snakec--master\juegosnake\juegosnake\debug\fruta.obj
c:\users\pmong\desktop\snakec--master\snakec--master\juegosnake\juegosnake\debug\interaccion.obj
c:\users\pmong\desktop\snakec--master\snakec--master\juegosnake\juegosnake\debug\juego.obj
c:\users\pmong\desktop\snakec--master\snakec--master\juegosnake\juegosnake\debug\main.obj
c:\users\pmong\desktop\snakec--master\snakec--master\juegosnake\juegosnake\debug\menu.obj
c:\users\pmong\desktop\snakec--master\snakec--master\juegosnake\juegosnake\debug\mounstro.obj
c:\users\pmong\desktop\snakec--master\snakec--master\juegosnake\juegosnake\debug\mundo.obj
c:\users\pmong\desktop\snakec--master\snakec--master\juegosnake\juegosnake\debug\objetomovil.obj
c:\users\pmong\desktop\snakec--master\snakec--master\juegosnake\juegosnake\debug\pared.obj
c:\users\pmong\desktop\snakec--master\snakec--master\juegosnake\juegosnake\debug\plataforma.obj
c:\users\pmong\desktop\snakec--master\snakec--master\juegosnake\juegosnake\debug\snake.obj
c:\users\pmong\desktop\snakec--master\snakec--master\juegosnake\juegosnake\debug\stats.obj
c:\users\pmong\desktop\snakec--master\snakec--master\juegosnake\juegosnake\debug\textura.obj
c:\users\pmong\desktop\snakec--master\snakec--master\juegosnake\juegosnake\debug\vector2d.obj
c:\users\pmong\desktop\snakec--master\snakec--master\juegosnake\juegosnake\debug\juegosnake.res
c:\users\pmong\desktop\snakec--master\snakec--master\juegosnake\juegosnake\debug\vc141.idb
c:\users\pmong\desktop\snakec--master\snakec--master\juegosnake\juegosnake\debug\vc141.pdb
c:\users\pmong\desktop\snakec--master\snakec--master\juegosnake\debug\juegosnake.pdb
c:\users\pmong\desktop\snakec--master\snakec--master\juegosnake\debug\juegosnake.exe
c:\users\pmong\desktop\snakec--master\snakec--master\juegosnake\debug\juegosnake.ilk
c:\users\pmong\desktop\snakec--master\snakec--master\juegosnake\juegosnake\debug\juegosnake.tlog\cl.command.1.tlog
c:\users\pmong\desktop\snakec--master\snakec--master\juegosnake\juegosnake\debug\juegosnake.tlog\cl.read.1.tlog
c:\users\pmong\desktop\snakec--master\snakec--master\juegosnake\juegosnake\debug\juegosnake.tlog\cl.write.1.tlog
c:\users\pmong\desktop\snakec--master\snakec--master\juegosnake\juegosnake\debug\juegosnake.tlog\link.command.1.tlog
c:\users\pmong\desktop\snakec--master\snakec--master\juegosnake\juegosnake\debug\juegosnake.tlog\link.read.1.tlog
c:\users\pmong\desktop\snakec--master\snakec--master\juegosnake\juegosnake\debug\juegosnake.tlog\link.write.1.tlog
c:\users\pmong\desktop\snakec--master\snakec--master\juegosnake\juegosnake\debug\juegosnake.tlog\rc.command.1.tlog
c:\users\pmong\desktop\snakec--master\snakec--master\juegosnake\juegosnake\debug\juegosnake.tlog\rc.read.1.tlog
c:\users\pmong\desktop\snakec--master\snakec--master\juegosnake\juegosnake\debug\juegosnake.tlog\rc.write.1.tlog
